srun: error: plugin_load_from_file: dlopen(/sw/global/tools/slurm/spank/lib/cpu_chown.so.SCS5): /sw/global/tools/slurm/spank/lib/cpu_chown.so.SCS5: cannot open shared object file: No such file or directory
srun: error: spank: /sw/global/tools/slurm/spank/lib/cpu_chown.so.SCS5: Dlopen of plugin file failed
srun: error: plugin_load_from_file: dlopen(/sw/global/tools/slurm/spank/lib/nv_gpufreq.so.SCS5): /sw/global/tools/slurm/spank/lib/nv_gpufreq.so.SCS5: cannot open shared object file: No such file or directory
srun: error: spank: /sw/global/tools/slurm/spank/lib/nv_gpufreq.so.SCS5: Dlopen of plugin file failed
srun: error: plugin_load_from_file: dlopen(/sw/global/tools/slurm/spank/lib/x11.so.SCS5): /sw/global/tools/slurm/spank/lib/x11.so.SCS5: cannot open shared object file: No such file or directory
srun: error: spank: /sw/global/tools/slurm/spank/lib/x11.so.SCS5: Dlopen of plugin file failed
srun: error: WARNING: switches lack access to 90 nodes: taurusnvme[1-90]
srun: TOPOLOGY: warning -- no switch can reach all nodes through its descendants.Do not use route/topology
Namespace(adam_betas='(0.9, 0.98)', adam_eps=1e-08, adaptive_softmax_cutoff='10000,50000,200000', arch='lstm_luong_wmt_en_de', bucket_cap_mb=150, clip_norm=25, criterion='label_smoothed_cross_entropy', data=['data/dbnqa1/fairseq-data-bin'], ddp_backend='c10d', decoder_attention='1', decoder_dropout_in=0.3, decoder_dropout_out=0, decoder_embed_dim=1000, decoder_embed_path=None, decoder_hidden_size=1000, decoder_layers=4, decoder_out_embed_dim=1000, device_id=0, distributed_backend='nccl', distributed_init_method=None, distributed_port=-1, distributed_rank=0, distributed_world_size=1, dropout=0.3, encoder_bidirectional=False, encoder_dropout_in=0.3, encoder_dropout_out=0, encoder_embed_dim=1000, encoder_embed_path=None, encoder_hidden_size=1000, encoder_layers=4, fix_batches_to_gpus=False, fp16=False, fp16_init_scale=128, keep_interval_updates=-1, label_smoothing=0.1, left_pad_source='True', left_pad_target='False', log_format=None, log_interval=1000, lr=[0.001], lr_scheduler='inverse_sqrt', lr_shrink=0.1, max_epoch=55, max_sentences=None, max_sentences_valid=None, max_source_positions=1024, max_target_positions=1024, max_tokens=4000, max_update=0, min_loss_scale=0.0001, min_lr=1e-09, momentum=0.99, no_epoch_checkpoints=False, no_progress_bar=False, no_save=False, optimizer='adam', optimizer_overrides='{}', raw_text=False, reset_lr_scheduler=False, reset_optimizer=False, restore_file='checkpoint_last.pt', save_dir='/scratch/p_adm/tntspa/output/dbnqa1/models/lstm_luong_wmt_en_de', save_interval=10, save_interval_updates=0, seed=1, sentence_avg=False, share_all_embeddings=False, share_decoder_input_output_embed=False, skip_invalid_size_inputs_valid_test=False, source_lang='en', target_lang='sparql', task='translation', train_subset='train', update_freq=[1], upsample_primary=1, valid_subset='valid,test', validate_interval=1, warmup_init_lr=1e-07, warmup_updates=4000, weight_decay=0.0001)
| [en] dictionary: 130680 types
| [sparql] dictionary: 228920 types
| data/dbnqa1/fairseq-data-bin train 715599 examples
| data/dbnqa1/fairseq-data-bin valid 89450 examples
| data/dbnqa1/fairseq-data-bin test 89450 examples
| model lstm_luong_wmt_en_de, criterion LabelSmoothedCrossEntropyCriterion
| num. model params: 659812920
| training on 1 GPUs
| max tokens per GPU = 4000 and max sentences per GPU = None
| NOTICE: your device may support faster training with --fp16
| epoch 001:   1000 / 2703 loss=7.104, nll_loss=5.599, ppl=48.45, wps=4937, ups=1.3, wpb=3644, bsz=264, num_updates=1001, lr=0.000250325, gnorm=3.043, clip=0%, oom=0, wall=776, train_wall=673
| epoch 001:   2000 / 2703 loss=5.899, nll_loss=4.229, ppl=18.76, wps=4941, ups=1.3, wpb=3651, bsz=265, num_updates=2001, lr=0.0005003, gnorm=2.014, clip=0%, oom=0, wall=1516, train_wall=1346
| epoch 001 | loss 5.411 | nll_loss 3.679 | ppl 12.81 | wps 4946 | ups 1.3 | wpb 3657 | bsz 265 | num_updates 2703 | lr 0.000675782 | gnorm 1.647 | clip 0% | oom 0 | wall 2036 | train_wall 1820
| epoch 001 | valid on 'valid' subset | valid_loss 3.9424 | valid_nll_loss 2.03553 | valid_ppl 4.10 | num_updates 2703
| epoch 001 | valid on 'test' subset | valid_loss 3.93993 | valid_nll_loss 2.03294 | valid_ppl 4.09 | num_updates 2703
| epoch 002:   1000 / 2703 loss=3.899, nll_loss=1.974, ppl=3.93, wps=4943, ups=1.1, wpb=3666, bsz=263, num_updates=3704, lr=0.000926007, gnorm=0.523, clip=0%, oom=0, wall=2981, train_wall=2497
| epoch 002:   2000 / 2703 loss=3.839, nll_loss=1.907, ppl=3.75, wps=4947, ups=1.2, wpb=3662, bsz=264, num_updates=4704, lr=0.000922139, gnorm=0.455, clip=0%, oom=0, wall=3720, train_wall=3170
| epoch 002 | loss 3.803 | nll_loss 1.870 | ppl 3.65 | wps 4946 | ups 1.2 | wpb 3657 | bsz 265 | num_updates 5406 | lr 0.000860185 | gnorm 0.414 | clip 0% | oom 0 | wall 4237 | train_wall 3641
| epoch 002 | valid on 'valid' subset | valid_loss 3.67185 | valid_nll_loss 1.72971 | valid_ppl 3.32 | num_updates 5406
| epoch 002 | valid on 'test' subset | valid_loss 3.6744 | valid_nll_loss 1.73248 | valid_ppl 3.32 | num_updates 5406
| epoch 003:   1000 / 2703 loss=3.554, nll_loss=1.598, ppl=3.03, wps=4957, ups=1.1, wpb=3665, bsz=262, num_updates=6407, lr=0.000790137, gnorm=0.235, clip=0%, oom=0, wall=5175, train_wall=4315
| epoch 003:   2000 / 2703 loss=3.554, nll_loss=1.600, ppl=3.03, wps=4953, ups=1.2, wpb=3665, bsz=264, num_updates=7407, lr=0.000734867, gnorm=0.227, clip=0%, oom=0, wall=5916, train_wall=4989
| epoch 003 | loss 3.556 | nll_loss 1.601 | ppl 3.03 | wps 4946 | ups 1.2 | wpb 3657 | bsz 265 | num_updates 8109 | lr 0.000702338 | gnorm 0.226 | clip 0% | oom 0 | wall 6434 | train_wall 5461
| epoch 003 | valid on 'valid' subset | valid_loss 3.51961 | valid_nll_loss 1.56119 | valid_ppl 2.95 | num_updates 8109
| epoch 003 | valid on 'test' subset | valid_loss 3.51982 | valid_nll_loss 1.56139 | valid_ppl 2.95 | num_updates 8109
| epoch 004:   1000 / 2703 loss=3.451, nll_loss=1.487, ppl=2.80, wps=4926, ups=1.1, wpb=3629, bsz=264, num_updates=9110, lr=0.00066263, gnorm=0.191, clip=0%, oom=0, wall=7368, train_wall=6132
| epoch 004:   2000 / 2703 loss=3.442, nll_loss=1.476, ppl=2.78, wps=4942, ups=1.2, wpb=3650, bsz=264, num_updates=10110, lr=0.000629005, gnorm=0.188, clip=0%, oom=0, wall=8108, train_wall=6807
| epoch 004 | loss 3.437 | nll_loss 1.471 | ppl 2.77 | wps 4947 | ups 1.2 | wpb 3657 | bsz 265 | num_updates 10812 | lr 0.000608243 | gnorm 0.184 | clip 0% | oom 0 | wall 8629 | train_wall 7281
| epoch 004 | valid on 'valid' subset | valid_loss 3.43171 | valid_nll_loss 1.46921 | valid_ppl 2.77 | num_updates 10812
| epoch 004 | valid on 'test' subset | valid_loss 3.4314 | valid_nll_loss 1.46889 | valid_ppl 2.77 | num_updates 10812
| epoch 005:   1000 / 2703 loss=3.338, nll_loss=1.362, ppl=2.57, wps=4937, ups=1.1, wpb=3641, bsz=263, num_updates=11813, lr=0.000581902, gnorm=0.170, clip=0%, oom=0, wall=9564, train_wall=7953
| epoch 005:   2000 / 2703 loss=3.340, nll_loss=1.365, ppl=2.58, wps=4945, ups=1.2, wpb=3650, bsz=264, num_updates=12813, lr=0.000558733, gnorm=0.167, clip=0%, oom=0, wall=10303, train_wall=8626
| epoch 005 | loss 3.340 | nll_loss 1.364 | ppl 2.57 | wps 4950 | ups 1.2 | wpb 3657 | bsz 265 | num_updates 13515 | lr 0.000544029 | gnorm 0.167 | clip 0% | oom 0 | wall 10823 | train_wall 9100
| epoch 005 | valid on 'valid' subset | valid_loss 3.35466 | valid_nll_loss 1.37845 | valid_ppl 2.60 | num_updates 13515
| epoch 005 | valid on 'test' subset | valid_loss 3.3527 | valid_nll_loss 1.37616 | valid_ppl 2.60 | num_updates 13515
| epoch 006:   1000 / 2703 loss=3.232, nll_loss=1.245, ppl=2.37, wps=4949, ups=1.1, wpb=3663, bsz=262, num_updates=14516, lr=0.000524936, gnorm=0.160, clip=0%, oom=0, wall=11760, train_wall=9774
| epoch 006:   2000 / 2703 loss=3.251, nll_loss=1.266, ppl=2.40, wps=4953, ups=1.2, wpb=3661, bsz=265, num_updates=15516, lr=0.000507739, gnorm=0.159, clip=0%, oom=0, wall=12499, train_wall=10447
| epoch 006 | loss 3.255 | nll_loss 1.271 | ppl 2.41 | wps 4953 | ups 1.2 | wpb 3657 | bsz 265 | num_updates 16218 | lr 0.000496628 | gnorm 0.158 | clip 0% | oom 0 | wall 13016 | train_wall 10917
| epoch 006 | valid on 'valid' subset | valid_loss 3.28362 | valid_nll_loss 1.30496 | valid_ppl 2.47 | num_updates 16218
| epoch 006 | valid on 'test' subset | valid_loss 3.28302 | valid_nll_loss 1.3042 | valid_ppl 2.47 | num_updates 16218
| epoch 007:   1000 / 2703 loss=3.167, nll_loss=1.173, ppl=2.26, wps=4962, ups=1.1, wpb=3650, bsz=264, num_updates=17219, lr=0.000481977, gnorm=0.150, clip=0%, oom=0, wall=13948, train_wall=11587
| epoch 007:   2000 / 2703 loss=3.187, nll_loss=1.195, ppl=2.29, wps=4960, ups=1.2, wpb=3660, bsz=266, num_updates=18219, lr=0.000468563, gnorm=0.152, clip=0%, oom=0, wall=14688, train_wall=12261
| epoch 007 | loss 3.189 | nll_loss 1.198 | ppl 2.29 | wps 4954 | ups 1.2 | wpb 3657 | bsz 265 | num_updates 18921 | lr 0.000459788 | gnorm 0.152 | clip 0% | oom 0 | wall 15207 | train_wall 12734
| epoch 007 | valid on 'valid' subset | valid_loss 3.23691 | valid_nll_loss 1.25621 | valid_ppl 2.39 | num_updates 18921
| epoch 007 | valid on 'test' subset | valid_loss 3.23667 | valid_nll_loss 1.25582 | valid_ppl 2.39 | num_updates 18921
| epoch 008:   1000 / 2703 loss=3.122, nll_loss=1.123, ppl=2.18, wps=4964, ups=1.1, wpb=3660, bsz=265, num_updates=19922, lr=0.000448088, gnorm=0.147, clip=0%, oom=0, wall=16142, train_wall=13407
| epoch 008:   2000 / 2703 loss=3.142, nll_loss=1.146, ppl=2.21, wps=4956, ups=1.2, wpb=3655, bsz=266, num_updates=20922, lr=0.000437249, gnorm=0.148, clip=0%, oom=0, wall=16880, train_wall=14078
| epoch 008 | loss 3.142 | nll_loss 1.146 | ppl 2.21 | wps 4956 | ups 1.2 | wpb 3657 | bsz 265 | num_updates 21624 | lr 0.000430093 | gnorm 0.148 | clip 0% | oom 0 | wall 17399 | train_wall 14551
| epoch 008 | valid on 'valid' subset | valid_loss 3.20479 | valid_nll_loss 1.21902 | valid_ppl 2.33 | num_updates 21624
| epoch 008 | valid on 'test' subset | valid_loss 3.20428 | valid_nll_loss 1.2184 | valid_ppl 2.33 | num_updates 21624
| epoch 009:   1000 / 2703 loss=3.090, nll_loss=1.090, ppl=2.13, wps=4939, ups=1.1, wpb=3646, bsz=267, num_updates=22625, lr=0.000420471, gnorm=0.144, clip=0%, oom=0, wall=18334, train_wall=15224
| epoch 009:   2000 / 2703 loss=3.104, nll_loss=1.104, ppl=2.15, wps=4947, ups=1.2, wpb=3652, bsz=265, num_updates=23625, lr=0.000411476, gnorm=0.144, clip=0%, oom=0, wall=19073, train_wall=15896
| epoch 009 | loss 3.110 | nll_loss 1.111 | ppl 2.16 | wps 4955 | ups 1.2 | wpb 3657 | bsz 265 | num_updates 24327 | lr 0.000405495 | gnorm 0.144 | clip 0% | oom 0 | wall 19591 | train_wall 16368
| epoch 009 | valid on 'valid' subset | valid_loss 3.17625 | valid_nll_loss 1.1861 | valid_ppl 2.28 | num_updates 24327
| epoch 009 | valid on 'test' subset | valid_loss 3.17678 | valid_nll_loss 1.18662 | valid_ppl 2.28 | num_updates 24327
| epoch 010:   1000 / 2703 loss=3.056, nll_loss=1.051, ppl=2.07, wps=4948, ups=1.1, wpb=3646, bsz=265, num_updates=25328, lr=0.000397402, gnorm=0.142, clip=0%, oom=0, wall=20524, train_wall=17039
| epoch 010:   2000 / 2703 loss=3.074, nll_loss=1.072, ppl=2.10, wps=4962, ups=1.2, wpb=3665, bsz=265, num_updates=26328, lr=0.000389781, gnorm=0.140, clip=0%, oom=0, wall=21265, train_wall=17713
| epoch 010 | loss 3.085 | nll_loss 1.084 | ppl 2.12 | wps 4956 | ups 1.2 | wpb 3657 | bsz 265 | num_updates 27030 | lr 0.000384687 | gnorm 0.141 | clip 0% | oom 0 | wall 21782 | train_wall 18184
| epoch 010 | valid on 'valid' subset | valid_loss 3.15695 | valid_nll_loss 1.16561 | valid_ppl 2.24 | num_updates 27030
| epoch 010 | valid on 'test' subset | valid_loss 3.15623 | valid_nll_loss 1.16481 | valid_ppl 2.24 | num_updates 27030
| epoch 011:   1000 / 2703 loss=3.025, nll_loss=1.018, ppl=2.02, wps=4964, ups=1.0, wpb=3663, bsz=263, num_updates=28031, lr=0.000377755, gnorm=0.139, clip=0%, oom=0, wall=22799, train_wall=18857
| epoch 011:   2000 / 2703 loss=3.054, nll_loss=1.050, ppl=2.07, wps=4956, ups=1.1, wpb=3655, bsz=264, num_updates=29031, lr=0.000371192, gnorm=0.139, clip=0%, oom=0, wall=23536, train_wall=19528
| epoch 011 | loss 3.065 | nll_loss 1.062 | ppl 2.09 | wps 4955 | ups 1.2 | wpb 3657 | bsz 265 | num_updates 29733 | lr 0.000366784 | gnorm 0.139 | clip 0% | oom 0 | wall 24055 | train_wall 20001
| epoch 011 | valid on 'valid' subset | valid_loss 3.14291 | valid_nll_loss 1.15238 | valid_ppl 2.22 | num_updates 29733 | best 3.14291
| epoch 011 | valid on 'test' subset | valid_loss 3.14338 | valid_nll_loss 1.15282 | valid_ppl 2.22 | num_updates 29733 | best 3.14338
| epoch 012:   1000 / 2703 loss=3.021, nll_loss=1.014, ppl=2.02, wps=4953, ups=1.1, wpb=3655, bsz=265, num_updates=30734, lr=0.000360762, gnorm=0.136, clip=0%, oom=0, wall=24990, train_wall=20673
| epoch 012:   2000 / 2703 loss=3.041, nll_loss=1.036, ppl=2.05, wps=4952, ups=1.2, wpb=3658, bsz=264, num_updates=31734, lr=0.000355032, gnorm=0.138, clip=0%, oom=0, wall=25730, train_wall=21347
| epoch 012 | loss 3.050 | nll_loss 1.046 | ppl 2.07 | wps 4956 | ups 1.2 | wpb 3657 | bsz 265 | num_updates 32436 | lr 0.000351169 | gnorm 0.137 | clip 0% | oom 0 | wall 26246 | train_wall 21817
| epoch 012 | valid on 'valid' subset | valid_loss 3.1365 | valid_nll_loss 1.14248 | valid_ppl 2.21 | num_updates 32436 | best 3.1365
| epoch 012 | valid on 'test' subset | valid_loss 3.13676 | valid_nll_loss 1.14275 | valid_ppl 2.21 | num_updates 32436 | best 3.13676
| epoch 013:   1000 / 2703 loss=3.008, nll_loss=1.000, ppl=2.00, wps=4959, ups=1.1, wpb=3660, bsz=266, num_updates=33437, lr=0.000345873, gnorm=0.136, clip=0%, oom=0, wall=27181, train_wall=22489
| epoch 013:   2000 / 2703 loss=3.028, nll_loss=1.022, ppl=2.03, wps=4953, ups=1.2, wpb=3657, bsz=265, num_updates=34437, lr=0.000340814, gnorm=0.136, clip=0%, oom=0, wall=27920, train_wall=23162
| epoch 013 | loss 3.039 | nll_loss 1.035 | ppl 2.05 | wps 4956 | ups 1.2 | wpb 3657 | bsz 265 | num_updates 35139 | lr 0.000337392 | gnorm 0.137 | clip 0% | oom 0 | wall 28437 | train_wall 23633
| epoch 013 | valid on 'valid' subset | valid_loss 3.12598 | valid_nll_loss 1.13092 | valid_ppl 2.19 | num_updates 35139 | best 3.12598
| epoch 013 | valid on 'test' subset | valid_loss 3.12609 | valid_nll_loss 1.13096 | valid_ppl 2.19 | num_updates 35139 | best 3.12609
slurmstepd: error: *** JOB 4580209 ON taurusml2 CANCELLED AT 2018-11-22T05:51:10 DUE TO TIME LIMIT ***
slurmstepd: error: *** STEP 4580209.0 ON taurusml2 CANCELLED AT 2018-11-22T05:51:10 DUE TO TIME LIMIT ***
